# JRE version: OpenJDK Runtime Environment (8.0_242-b01) (build 1.8.0_242-release-1644-b01)
# Java VM: OpenJDK 64-Bit Server VM (25.242-b01 mixed mode windows-amd64 compressed oops)
Heap:
 PSYoungGen      total 418816K, used 253214K [0x00000000d5580000, 0x00000000f5d00000, 0x0000000100000000)
  eden space 366080K, 54% used [0x00000000d5580000,0x00000000e19497e0,0x00000000ebb00000)
  from space 52736K, 99% used [0x00000000ebb00000,0x00000000eee7e210,0x00000000eee80000)
  to   space 67072K, 0% used [0x00000000f1b80000,0x00000000f1b80000,0x00000000f5d00000)
 ParOldGen       total 353280K, used 132727K [0x0000000080000000, 0x0000000095900000, 0x00000000d5580000)
  object space 353280K, 37% used [0x0000000080000000,0x000000008819dce0,0x0000000095900000)
 Metaspace       used 112204K, capacity 119540K, committed 119768K, reserved 1153024K
  class space    used 14648K, capacity 16009K, committed 16128K, reserved 1048576K
GC Heap History (10 events):
Event: 737.439 GC heap before
{Heap before GC invocations=25 (full 4):
 PSYoungGen      total 356352K, used 313808K [0x00000000d5580000, 0x00000000ef000000, 0x0000000100000000)
  eden space 307712K, 100% used [0x00000000d5580000,0x00000000e8200000,0x00000000e8200000)
  from space 48640K, 12% used [0x00000000ec080000,0x00000000ec674050,0x00000000ef000000)
  to   space 56320K, 0% used [0x00000000e8200000,0x00000000e8200000,0x00000000eb900000)
 ParOldGen       total 353280K, used 117150K [0x0000000080000000, 0x0000000095900000, 0x00000000d5580000)
  object space 353280K, 33% used [0x0000000080000000,0x00000000872679e8,0x0000000095900000)
 Metaspace       used 110709K, capacity 117018K, committed 117208K, reserved 1150976K
  class space    used 14503K, capacity 15750K, committed 15872K, reserved 1048576K
Event: 737.467 GC heap after
Heap after GC invocations=25 (full 4):
 PSYoungGen      total 364032K, used 40434K [0x00000000d5580000, 0x00000000f2000000, 0x0000000100000000)
  eden space 307712K, 0% used [0x00000000d5580000,0x00000000d5580000,0x00000000e8200000)
  from space 56320K, 71% used [0x00000000e8200000,0x00000000ea97ca60,0x00000000eb900000)
  to   space 60416K, 0% used [0x00000000ee500000,0x00000000ee500000,0x00000000f2000000)
 ParOldGen       total 353280K, used 117158K [0x0000000080000000, 0x0000000095900000, 0x00000000d5580000)
  object space 353280K, 33% used [0x0000000080000000,0x00000000872699e8,0x0000000095900000)
 Metaspace       used 110709K, capacity 117018K, committed 117208K, reserved 1150976K
  class space    used 14503K, capacity 15750K, committed 15872K, reserved 1048576K
}
Event: 789.615 GC heap before
{Heap before GC invocations=26 (full 4):
 PSYoungGen      total 364032K, used 348146K [0x00000000d5580000, 0x00000000f2000000, 0x0000000100000000)
  eden space 307712K, 100% used [0x00000000d5580000,0x00000000e8200000,0x00000000e8200000)
  from space 56320K, 71% used [0x00000000e8200000,0x00000000ea97ca60,0x00000000eb900000)
  to   space 60416K, 0% used [0x00000000ee500000,0x00000000ee500000,0x00000000f2000000)
 ParOldGen       total 353280K, used 117158K [0x0000000080000000, 0x0000000095900000, 0x00000000d5580000)
  object space 353280K, 33% used [0x0000000080000000,0x00000000872699e8,0x0000000095900000)
 Metaspace       used 110921K, capacity 117372K, committed 117464K, reserved 1150976K
  class space    used 14523K, capacity 15785K, committed 15872K, reserved 1048576K
Event: 789.627 GC heap after
Heap after GC invocations=26 (full 4):
 PSYoungGen      total 389632K, used 15404K [0x00000000d5580000, 0x00000000f1400000, 0x0000000100000000)
  eden space 341504K, 0% used [0x00000000d5580000,0x00000000d5580000,0x00000000ea300000)
  from space 48128K, 32% used [0x00000000ee500000,0x00000000ef40b1b0,0x00000000f1400000)
  to   space 57856K, 0% used [0x00000000ea300000,0x00000000ea300000,0x00000000edb80000)
 ParOldGen       total 353280K, used 117166K [0x0000000080000000, 0x0000000095900000, 0x00000000d5580000)
  object space 353280K, 33% used [0x0000000080000000,0x000000008726b9e8,0x0000000095900000)
 Metaspace       used 110921K, capacity 117372K, committed 117464K, reserved 1150976K
  class space    used 14523K, capacity 15785K, committed 15872K, reserved 1048576K
}
Event: 858.961 GC heap before
{Heap before GC invocations=27 (full 4):
 PSYoungGen      total 389632K, used 356908K [0x00000000d5580000, 0x00000000f1400000, 0x0000000100000000)
  eden space 341504K, 100% used [0x00000000d5580000,0x00000000ea300000,0x00000000ea300000)
  from space 48128K, 32% used [0x00000000ee500000,0x00000000ef40b1b0,0x00000000f1400000)
  to   space 57856K, 0% used [0x00000000ea300000,0x00000000ea300000,0x00000000edb80000)
 ParOldGen       total 353280K, used 117166K [0x0000000080000000, 0x0000000095900000, 0x00000000d5580000)
  object space 353280K, 33% used [0x0000000080000000,0x000000008726ba08,0x0000000095900000)
 Metaspace       used 111494K, capacity 118370K, committed 118616K, reserved 1153024K
  class space    used 14585K, capacity 15896K, committed 16000K, reserved 1048576K
Event: 858.976 GC heap after
Heap after GC invocations=27 (full 4):
 PSYoungGen      total 399360K, used 24279K [0x00000000d5580000, 0x00000000f2c80000, 0x0000000100000000)
  eden space 341504K, 0% used [0x00000000d5580000,0x00000000d5580000,0x00000000ea300000)
  from space 57856K, 41% used [0x00000000ea300000,0x00000000ebab5fa8,0x00000000edb80000)
  to   space 55296K, 0% used [0x00000000ef680000,0x00000000ef680000,0x00000000f2c80000)
 ParOldGen       total 353280K, used 117174K [0x0000000080000000, 0x0000000095900000, 0x00000000d5580000)
  object space 353280K, 33% used [0x0000000080000000,0x000000008726da08,0x0000000095900000)
 Metaspace       used 111494K, capacity 118370K, committed 118616K, reserved 1153024K
  class space    used 14585K, capacity 15896K, committed 16000K, reserved 1048576K
}
Event: 946.497 GC heap before
{Heap before GC invocations=28 (full 4):
 PSYoungGen      total 399360K, used 365783K [0x00000000d5580000, 0x00000000f2c80000, 0x0000000100000000)
  eden space 341504K, 100% used [0x00000000d5580000,0x00000000ea300000,0x00000000ea300000)
  from space 57856K, 41% used [0x00000000ea300000,0x00000000ebab5fa8,0x00000000edb80000)
  to   space 55296K, 0% used [0x00000000ef680000,0x00000000ef680000,0x00000000f2c80000)
 ParOldGen       total 353280K, used 117204K [0x0000000080000000, 0x0000000095900000, 0x00000000d5580000)
  object space 353280K, 33% used [0x0000000080000000,0x0000000087275210,0x0000000095900000)
 Metaspace       used 111682K, capacity 118670K, committed 118872K, reserved 1153024K
  class space    used 14587K, capacity 15900K, committed 16000K, reserved 1048576K
Event: 946.512 GC heap after
Heap after GC invocations=28 (full 4):
 PSYoungGen      total 410624K, used 15568K [0x00000000d5580000, 0x00000000f2200000, 0x0000000100000000)
  eden space 366080K, 0% used [0x00000000d5580000,0x00000000d5580000,0x00000000ebb00000)
  from space 44544K, 34% used [0x00000000ef680000,0x00000000f05b4228,0x00000000f2200000)
  to   space 52736K, 0% used [0x00000000ebb00000,0x00000000ebb00000,0x00000000eee80000)
 ParOldGen       total 353280K, used 117212K [0x0000000080000000, 0x0000000095900000, 0x00000000d5580000)
  object space 353280K, 33% used [0x0000000080000000,0x0000000087277210,0x0000000095900000)
 Metaspace       used 111682K, capacity 118670K, committed 118872K, reserved 1153024K
  class space    used 14587K, capacity 15900K, committed 16000K, reserved 1048576K
}
Event: 948.255 GC heap before
{Heap before GC invocations=29 (full 4):
 PSYoungGen      total 410624K, used 381648K [0x00000000d5580000, 0x00000000f2200000, 0x0000000100000000)
  eden space 366080K, 100% used [0x00000000d5580000,0x00000000ebb00000,0x00000000ebb00000)
  from space 44544K, 34% used [0x00000000ef680000,0x00000000f05b4228,0x00000000f2200000)
  to   space 52736K, 0% used [0x00000000ebb00000,0x00000000ebb00000,0x00000000eee80000)
 ParOldGen       total 353280K, used 117212K [0x0000000080000000, 0x0000000095900000, 0x00000000d5580000)
  object space 353280K, 33% used [0x0000000080000000,0x0000000087277210,0x0000000095900000)
 Metaspace       used 111861K, capacity 118818K, committed 119128K, reserved 1153024K
  class space    used 14588K, capacity 15900K, committed 16000K, reserved 1048576K
Event: 948.291 GC heap after
Heap after GC invocations=29 (full 4):
 PSYoungGen      total 418816K, used 52728K [0x00000000d5580000, 0x00000000f5d00000, 0x0000000100000000)
  eden space 366080K, 0% used [0x00000000d5580000,0x00000000d5580000,0x00000000ebb00000)
  from space 52736K, 99% used [0x00000000ebb00000,0x00000000eee7e210,0x00000000eee80000)
  to   space 67072K, 0% used [0x00000000f1b80000,0x00000000f1b80000,0x00000000f5d00000)
 ParOldGen       total 353280K, used 132727K [0x0000000080000000, 0x0000000095900000, 0x00000000d5580000)
  object space 353280K, 37% used [0x0000000080000000,0x000000008819dce0,0x0000000095900000)
 Metaspace       used 111861K, capacity 118818K, committed 119128K, reserved 1153024K
  class space    used 14588K, capacity 15900K, committed 16000K, reserved 1048576K
}

